\BOOKMARK [0][-]{chapter*.9}{\315ndice de Figuras}{}% 1
\BOOKMARK [0][-]{chapter*.10}{\315ndice de Tablas}{}% 2
\BOOKMARK [0][-]{chapter.1}{Introducci\363n}{}% 3
\BOOKMARK [1][-]{section.1.1}{Motivaci\363n del proyecto}{chapter.1}% 4
\BOOKMARK [1][-]{section.1.2}{Objetivos y enfoque}{chapter.1}% 5
\BOOKMARK [1][-]{section.1.3}{Metodolog\355a y plan de trabajo}{chapter.1}% 6
\BOOKMARK [0][-]{chapter.2}{Estado del arte}{}% 7
\BOOKMARK [1][-]{section.2.1}{Privacidad y anonimato: conceptos}{chapter.2}% 8
\BOOKMARK [2][-]{subsection.2.1.1}{Procedimientos para incrementar el anonimato}{section.2.1}% 9
\BOOKMARK [1][-]{section.2.2}{Hechos relevantes con respecto a la seguridad en la red}{chapter.2}% 10
\BOOKMARK [1][-]{section.2.3}{Herramientas para la protecci\363n de privacidad mediante anonimato}{chapter.2}% 11
\BOOKMARK [2][-]{subsection.2.3.1}{Servidor proxy}{section.2.3}% 12
\BOOKMARK [2][-]{subsection.2.3.2}{VPN}{section.2.3}% 13
\BOOKMARK [2][-]{subsection.2.3.3}{Deep-web}{section.2.3}% 14
\BOOKMARK [2][-]{subsection.2.3.4}{Otras herramientas de ofuscaci\363n}{section.2.3}% 15
\BOOKMARK [1][-]{section.2.4}{Herramientas de identificaci\363n de usuarios}{chapter.2}% 16
\BOOKMARK [2][-]{subsection.2.4.1}{Introducci\363n}{section.2.4}% 17
\BOOKMARK [1][-]{section.2.5}{Debate social}{chapter.2}% 18
\BOOKMARK [2][-]{subsection.2.5.1}{Ley De Protecci\363n de Datos europea \(GDPR\)}{section.2.5}% 19
\BOOKMARK [0][-]{chapter.3}{Sistema, dise\361o y desarrollo}{}% 20
\BOOKMARK [1][-]{section.3.1}{Cat\341logo de requisitos}{chapter.3}% 21
\BOOKMARK [2][-]{subsection.3.1.1}{Requisitos funcionales}{section.3.1}% 22
\BOOKMARK [2][-]{subsection.3.1.2}{Requisitos no funcionales}{section.3.1}% 23
\BOOKMARK [1][-]{section.3.2}{Dise\361o del sistema}{chapter.3}% 24
\BOOKMARK [2][-]{subsection.3.2.1}{Dise\361o de la secci\363n de mailing}{section.3.2}% 25
\BOOKMARK [2][-]{subsection.3.2.2}{Dise\361o de la secci\363n de accounts}{section.3.2}% 26
\BOOKMARK [2][-]{subsection.3.2.3}{Dise\361o de la base de datos de accounts}{section.3.2}% 27
\BOOKMARK [1][-]{section.3.3}{Implementaci\363n, desarrollo y pruebas}{chapter.3}% 28
\BOOKMARK [2][-]{subsection.3.3.1}{Librer\355as utilizadas}{section.3.3}% 29
\BOOKMARK [2][-]{subsection.3.3.2}{Desarrollo}{section.3.3}% 30
\BOOKMARK [0][-]{chapter.4}{Pruebas}{}% 31
\BOOKMARK [1][-]{subsection.4.0.1}{Pruebas}{chapter.4}% 32
\BOOKMARK [0][-]{chapter.5}{Conclusiones y trabajo futuro}{}% 33
\BOOKMARK [1][-]{section.5.1}{Conclusiones}{chapter.5}% 34
\BOOKMARK [1][-]{section.5.2}{Trabajo futuro}{chapter.5}% 35
\BOOKMARK [0][-]{chapter*.57}{Glosario de acr\363nimos}{}% 36
\BOOKMARK [0][-]{chapter*.57}{Bibliograf\355a}{}% 37
\BOOKMARK [0][-]{appendix.Alph1}{Manual de utilizaci\363n}{}% 38
\BOOKMARK [0][-]{appendix.Alph2}{Esquema del sistema}{}% 39
\BOOKMARK [0][-]{appendix.Alph3}{Repositorio del proyecto}{}% 40
